Row 197, json_path: /mnt/c/Users/vagrawal/OneDrive - Altair Engineering, Inc/Documents/Personal/Pictures/Processing/Z001/Takeout/Google Photos/Photos from 2004/104_0479(2).JPG.supplemental-metadata(2).json [NOT FOUND]
Row 333, json_path: /mnt/c/Users/vagrawal/OneDrive - Altair Engineering, Inc/Documents/Personal/Pictures/Processing/Z001/Takeout/Google Photos/Photos from 2006/DSC01057(1).JPG.supplemental-metadata(1).json [NOT FOUND]
Row 345, json_path: /mnt/c/Users/vagrawal/OneDrive - Altair Engineering, Inc/Documents/Personal/Pictures/Processing/Z001/Takeout/Google Photos/Photos from 2006/DSC01069(2).JPG.supplemental-metadata(2).json [NOT FOUND]
Row 445, json_path: /mnt/c/Users/vagrawal/OneDrive - Altair Engineering, Inc/Documents/Personal/Pictures/Processing/Z001/Takeout/Google Photos/Photos from 2006/DSC01186(2).JPG.supplemental-metadata(2).json [NOT FOUND]
Row 611, json_path: /mnt/c/Users/vagrawal/OneDrive - Altair Engineering, Inc/Documents/Personal/Pictures/Processing/Z001/Takeout/Google Photos/Photos from 2007/Video_033107_001(1)_3gp_conv.mp4.supplemental-metadata(1).json [NOT FOUND]
Row 614, json_path: /mnt/c/Users/vagrawal/OneDrive - Altair Engineering, Inc/Documents/Personal/Pictures/Processing/Z001/Takeout/Google Photos/Photos from 2007/Video_033107_003(1)_3gp_conv.mp4.supplemental-metadata(1).json [NOT FOUND]
Row 621, json_path: /mnt/c/Users/vagrawal/OneDrive - Altair Engineering, Inc/Documents/Personal/Pictures/Processing/Z001/Takeout/Google Photos/Photos from 2007/Video_042207_001(1)_3gp_conv.mp4.supplemental-metadata(1).json [NOT FOUND]
Row 734, json_path: /mnt/c/Users/vagrawal/OneDrive - Altair Engineering, Inc/Documents/Personal/Pictures/Processing/Z001/Takeout/Google Photos/Photos from 2008/P6280091(2).JPG.supplemental-metadata(2).json [NOT FOUND]
Row 747, json_path: /mnt/c/Users/vagrawal/OneDrive - Altair Engineering, Inc/Documents/Personal/Pictures/Processing/Z001/Takeout/Google Photos/Photos from 2008/P6280103(2).JPG.supplemental-metadata(2).json [NOT FOUND]
Row 871, json_path: /mnt/c/Users/vagrawal/OneDrive - Altair Engineering, Inc/Documents/Personal/Pictures/Processing/Z001/Takeout/Google Photos/Photos from 2009/P2010123(1).JPG.supplemental-metadata(1).json [NOT FOUND]
Row 930, json_path: /mnt/c/Users/vagrawal/OneDrive - Altair Engineering, Inc/Documents/Personal/Pictures/Processing/Z001/Takeout/Google Photos/Photos from 2009/P2010181(1).JPG.supplemental-metadata(1).json [NOT FOUND]
Row 932, json_path: /mnt/c/Users/vagrawal/OneDrive - Altair Engineering, Inc/Documents/Personal/Pictures/Processing/Z001/Takeout/Google Photos/Photos from 2009/P2010182(1).JPG.supplemental-metadata(1).json [NOT FOUND]
Row 938, json_path: /mnt/c/Users/vagrawal/OneDrive - Altair Engineering, Inc/Documents/Personal/Pictures/Processing/Z001/Takeout/Google Photos/Photos from 2009/P2080001(1).JPG.supplemental-metadata(1).json [NOT FOUND]
Row 940, json_path: /mnt/c/Users/vagrawal/OneDrive - Altair Engineering, Inc/Documents/Personal/Pictures/Processing/Z001/Takeout/Google Photos/Photos from 2009/P2080002(1).JPG.supplemental-metadata(1).json [NOT FOUND]
Row 957, json_path: /mnt/c/Users/vagrawal/OneDrive - Altair Engineering, Inc/Documents/Personal/Pictures/Processing/Z001/Takeout/Google Photos/Photos from 2009/P2080018(1).JPG.supplemental-metadata(1).json [NOT FOUND]
Row 960, json_path: /mnt/c/Users/vagrawal/OneDrive - Altair Engineering, Inc/Documents/Personal/Pictures/Processing/Z001/Takeout/Google Photos/Photos from 2009/P2080019(1).JPG.supplemental-metadata(1).json [NOT FOUND]
Row 964, json_path: /mnt/c/Users/vagrawal/OneDrive - Altair Engineering, Inc/Documents/Personal/Pictures/Processing/Z001/Takeout/Google Photos/Photos from 2009/P2080023(2).JPG.supplemental-metadata(2).json [NOT FOUND]
Row 967, json_path: /mnt/c/Users/vagrawal/OneDrive - Altair Engineering, Inc/Documents/Personal/Pictures/Processing/Z001/Takeout/Google Photos/Photos from 2009/P2080024(2).JPG.supplemental-metadata(2).json [NOT FOUND]
Row 980, json_path: /mnt/c/Users/vagrawal/OneDrive - Altair Engineering, Inc/Documents/Personal/Pictures/Processing/Z001/Takeout/Google Photos/Photos from 2009/P2080035(2).JPG.supplemental-metadata(2).json [NOT FOUND]
Row 1000, json_path: /mnt/c/Users/vagrawal/OneDrive - Altair Engineering, Inc/Documents/Personal/Pictures/Processing/Z001/Takeout/Google Photos/Photos from 2009/P2080053(2).JPG.supplemental-metadata(2).json [NOT FOUND]
Row 1003, json_path: /mnt/c/Users/vagrawal/OneDrive - Altair Engineering, Inc/Documents/Personal/Pictures/Processing/Z001/Takeout/Google Photos/Photos from 2009/P2080054(2).JPG.supplemental-metadata(2).json [NOT FOUND]
Row 1006, json_path: /mnt/c/Users/vagrawal/OneDrive - Altair Engineering, Inc/Documents/Personal/Pictures/Processing/Z001/Takeout/Google Photos/Photos from 2009/P2080055(2).JPG.supplemental-metadata(2).json [NOT FOUND]
Row 1009, json_path: /mnt/c/Users/vagrawal/OneDrive - Altair Engineering, Inc/Documents/Personal/Pictures/Processing/Z001/Takeout/Google Photos/Photos from 2009/P2080056(2).JPG.supplemental-metadata(2).json [NOT FOUND]
Row 1011, json_path: /mnt/c/Users/vagrawal/OneDrive - Altair Engineering, Inc/Documents/Personal/Pictures/Processing/Z001/Takeout/Google Photos/Photos from 2009/P2080057(1).JPG.supplemental-metadata(1).json [NOT FOUND]
Row 1017, json_path: /mnt/c/Users/vagrawal/OneDrive - Altair Engineering, Inc/Documents/Personal/Pictures/Processing/Z001/Takeout/Google Photos/Photos from 2009/P2080061(2).JPG.supplemental-metadata(2).json [NOT FOUND]
Row 1019, json_path: /mnt/c/Users/vagrawal/OneDrive - Altair Engineering, Inc/Documents/Personal/Pictures/Processing/Z001/Takeout/Google Photos/Photos from 2009/P2080062(1).JPG.supplemental-metadata(1).json [NOT FOUND]
Row 1022, json_path: /mnt/c/Users/vagrawal/OneDrive - Altair Engineering, Inc/Documents/Personal/Pictures/Processing/Z001/Takeout/Google Photos/Photos from 2009/P2080063(2).JPG.supplemental-metadata(2).json [NOT FOUND]
Row 1026, json_path: /mnt/c/Users/vagrawal/OneDrive - Altair Engineering, Inc/Documents/Personal/Pictures/Processing/Z001/Takeout/Google Photos/Photos from 2009/P2080065(2).JPG.supplemental-metadata(2).json [NOT FOUND]
Row 1046, json_path: /mnt/c/Users/vagrawal/OneDrive - Altair Engineering, Inc/Documents/Personal/Pictures/Processing/Z001/Takeout/Google Photos/Photos from 2009/P2080083(2).JPG.supplemental-metadata(2).json [NOT FOUND]
Row 1049, json_path: /mnt/c/Users/vagrawal/OneDrive - Altair Engineering, Inc/Documents/Personal/Pictures/Processing/Z001/Takeout/Google Photos/Photos from 2009/P2080084(2).JPG.supplemental-metadata(2).json [NOT FOUND]
Row 1055, json_path: /mnt/c/Users/vagrawal/OneDrive - Altair Engineering, Inc/Documents/Personal/Pictures/Processing/Z001/Takeout/Google Photos/Photos from 2009/P2080088(2).JPG.supplemental-metadata(2).json [NOT FOUND]
Row 1168, json_path: /mnt/c/Users/vagrawal/OneDrive - Altair Engineering, Inc/Documents/Personal/Pictures/Processing/Z001/Takeout/Google Photos/Photos from 2010/DSC_0123(1).JPG.supplemental-metadata(1).json [NOT FOUND]
Row 1196, json_path: /mnt/c/Users/vagrawal/OneDrive - Altair Engineering, Inc/Documents/Personal/Pictures/Processing/Z001/Takeout/Google Photos/Photos from 2010/DSC_0155(1).JPG.supplemental-metadata(1).json [NOT FOUND]
Row 1216, json_path: /mnt/c/Users/vagrawal/OneDrive - Altair Engineering, Inc/Documents/Personal/Pictures/Processing/Z001/Takeout/Google Photos/Photos from 2010/DSC_0171(2).JPG.supplemental-metadata(2).json [NOT FOUND]
Row 1219, json_path: /mnt/c/Users/vagrawal/OneDrive - Altair Engineering, Inc/Documents/Personal/Pictures/Processing/Z001/Takeout/Google Photos/Photos from 2010/DSC_0176(2).JPG.supplemental-metadata(2).json [NOT FOUND]
Row 1286, json_path: /mnt/c/Users/vagrawal/OneDrive - Altair Engineering, Inc/Documents/Personal/Pictures/Processing/Z001/Takeout/Google Photos/Photos from 2010/MakinacIsland-Varun-Papa-Me(1).jpg.supplemental-m(1).json [NOT FOUND]
Row 1654, json_path: /mnt/c/Users/vagrawal/OneDrive - Altair Engineering, Inc/Documents/Personal/Pictures/Processing/Z001/Takeout/Google Photos/Photos from 2012/DSC_0311(1).JPG.supplemental-metadata(1).json [NOT FOUND]
Row 1776, json_path: /mnt/c/Users/vagrawal/OneDrive - Altair Engineering, Inc/Documents/Personal/Pictures/Processing/Z001/Takeout/Google Photos/Photos from 2013/IMG_2906(2).JPG.supplemental-metadata(2).json [NOT FOUND]
Row 2363, json_path: /mnt/c/Users/vagrawal/OneDrive - Altair Engineering, Inc/Documents/Personal/Pictures/Processing/Z001/Takeout/Google Photos/Photos from 2016/IMG_0489(1).MOV.supplemental-metadata(1).json [NOT FOUND]
Row 2395, json_path: /mnt/c/Users/vagrawal/OneDrive - Altair Engineering, Inc/Documents/Personal/Pictures/Processing/Z001/Takeout/Google Photos/Photos from 2016/IMG_1623(1).JPG.supplemental-metadata(1).json [NOT FOUND]
Row 2461, json_path: /mnt/c/Users/vagrawal/OneDrive - Altair Engineering, Inc/Documents/Personal/Pictures/Processing/Z001/Takeout/Google Photos/Photos from 2016/IMG_1682(1).JPG.supplemental-metadata(1).json [NOT FOUND]
Row 2582, json_path: /mnt/c/Users/vagrawal/OneDrive - Altair Engineering, Inc/Documents/Personal/Pictures/Processing/Z001/Takeout/Google Photos/Photos from 2016/IMG_2200(2).JPG.supplemental-metadata(2).json [NOT FOUND]
Row 2604, json_path: /mnt/c/Users/vagrawal/OneDrive - Altair Engineering, Inc/Documents/Personal/Pictures/Processing/Z001/Takeout/Google Photos/Photos from 2016/IMG_2224(1).JPG.supplemental-metadata(1).json [NOT FOUND]
Row 2606, json_path: /mnt/c/Users/vagrawal/OneDrive - Altair Engineering, Inc/Documents/Personal/Pictures/Processing/Z001/Takeout/Google Photos/Photos from 2016/IMG_2225(2).JPG.supplemental-metadata(2).json [NOT FOUND]
Row 2663, json_path: /mnt/c/Users/vagrawal/OneDrive - Altair Engineering, Inc/Documents/Personal/Pictures/Processing/Z001/Takeout/Google Photos/Photos from 2016/IMG_4065(1).JPG.supplemental-metadata(1).json [NOT FOUND]
Row 2668, json_path: /mnt/c/Users/vagrawal/OneDrive - Altair Engineering, Inc/Documents/Personal/Pictures/Processing/Z001/Takeout/Google Photos/Photos from 2016/IMG_4086(2).JPG.supplemental-metadata(2).json [NOT FOUND]
Row 2670, json_path: /mnt/c/Users/vagrawal/OneDrive - Altair Engineering, Inc/Documents/Personal/Pictures/Processing/Z001/Takeout/Google Photos/Photos from 2016/IMG_4093(2).JPG.supplemental-metadata(2).json [NOT FOUND]
Row 2697, json_path: /mnt/c/Users/vagrawal/OneDrive - Altair Engineering, Inc/Documents/Personal/Pictures/Processing/Z001/Takeout/Google Photos/Photos from 2017/535326340.949245(1).jpg.supplemental-metadata(1).json [NOT FOUND]
Row 2702, json_path: /mnt/c/Users/vagrawal/OneDrive - Altair Engineering, Inc/Documents/Personal/Pictures/Processing/Z001/Takeout/Google Photos/Photos from 2017/IMG_0021(2).MOV.supplemental-metadata(2).json [NOT FOUND]
Row 2708, json_path: /mnt/c/Users/vagrawal/OneDrive - Altair Engineering, Inc/Documents/Personal/Pictures/Processing/Z001/Takeout/Google Photos/Photos from 2017/IMG_0053(1).JPG.supplemental-metadata(1).json [NOT FOUND]
Row 2712, json_path: /mnt/c/Users/vagrawal/OneDrive - Altair Engineering, Inc/Documents/Personal/Pictures/Processing/Z001/Takeout/Google Photos/Photos from 2017/IMG_0056(1).JPG.supplemental-metadata(1).json [NOT FOUND]
Row 2719, json_path: /mnt/c/Users/vagrawal/OneDrive - Altair Engineering, Inc/Documents/Personal/Pictures/Processing/Z001/Takeout/Google Photos/Photos from 2017/IMG_0068_png_conv.jpg.supplemental-metadata.json [NOT FOUND]
Row 2729, json_path: /mnt/c/Users/vagrawal/OneDrive - Altair Engineering, Inc/Documents/Personal/Pictures/Processing/Z001/Takeout/Google Photos/Photos from 2017/IMG_0126(2).JPG.supplemental-metadata(2).json [NOT FOUND]
Row 2737, json_path: /mnt/c/Users/vagrawal/OneDrive - Altair Engineering, Inc/Documents/Personal/Pictures/Processing/Z001/Takeout/Google Photos/Photos from 2017/IMG_0171.TRIM(1).MOV.supplemental-metadata(1).json [NOT FOUND]
Row 2749, json_path: /mnt/c/Users/vagrawal/OneDrive - Altair Engineering, Inc/Documents/Personal/Pictures/Processing/Z008/Takeout/Google Photos/Photos from 2020/IMG_1809.MP4.supplemental-metadata.json [NOT FOUND]
Row 2749, media_path: /mnt/c/Users/vagrawal/OneDrive - Altair Engineering, Inc/Documents/Personal/Pictures/Processing/Z006/Takeout/Google Photos/Photos from 2023/IMG_1809.MP4 [NOT FOUND]
Row 2749, corrected_path: /mnt/c/Users/vagrawal/OneDrive - Altair Engineering, Inc/Documents/Personal/Pictures/Processing/Z006/Takeout/Google Photos/Photos from 2023/IMG_1809.MP4 [NOT FOUND]
Row 2990, json_path: /mnt/c/Users/vagrawal/OneDrive - Altair Engineering, Inc/Documents/Personal/Pictures/Processing/Z001/Takeout/Google Photos/Photos from 2018/IMG_2640(1).MOV.supplemental-metadata(1).json [NOT FOUND]
Row 2993, json_path: /mnt/c/Users/vagrawal/OneDrive - Altair Engineering, Inc/Documents/Personal/Pictures/Processing/Z001/Takeout/Google Photos/Photos from 2018/IMG_2642(1).MOV.supplemental-metadata(1).json [NOT FOUND]
Row 2996, json_path: /mnt/c/Users/vagrawal/OneDrive - Altair Engineering, Inc/Documents/Personal/Pictures/Processing/Z001/Takeout/Google Photos/Photos from 2018/IMG_2644(2).JPG.supplemental-metadata(2).json [NOT FOUND]
Row 2999, json_path: /mnt/c/Users/vagrawal/OneDrive - Altair Engineering, Inc/Documents/Personal/Pictures/Processing/Z001/Takeout/Google Photos/Photos from 2018/IMG_2646(2).JPG.supplemental-metadata(2).json [NOT FOUND]
Row 3001, json_path: /mnt/c/Users/vagrawal/OneDrive - Altair Engineering, Inc/Documents/Personal/Pictures/Processing/Z001/Takeout/Google Photos/Photos from 2018/IMG_2647(1).MOV.supplemental-metadata(1).json [NOT FOUND]
Row 3003, json_path: /mnt/c/Users/vagrawal/OneDrive - Altair Engineering, Inc/Documents/Personal/Pictures/Processing/Z001/Takeout/Google Photos/Photos from 2018/IMG_2648(1).MOV.supplemental-metadata(1).json [NOT FOUND]
Row 3005, json_path: /mnt/c/Users/vagrawal/OneDrive - Altair Engineering, Inc/Documents/Personal/Pictures/Processing/Z001/Takeout/Google Photos/Photos from 2018/IMG_2649(1).MOV.supplemental-metadata(1).json [NOT FOUND]
Row 3017, json_path: /mnt/c/Users/vagrawal/OneDrive - Altair Engineering, Inc/Documents/Personal/Pictures/Processing/Z001/Takeout/Google Photos/Photos from 2018/IMG_2659(1).MOV.supplemental-metadata(1).json [NOT FOUND]
Row 3097, json_path: /mnt/c/Users/vagrawal/OneDrive - Altair Engineering, Inc/Documents/Personal/Pictures/Processing/Z001/Takeout/Google Photos/Photos from 2018/IMG_2848(2).JPG.supplemental-metadata(2).json [NOT FOUND]
Row 3106, json_path: /mnt/c/Users/vagrawal/OneDrive - Altair Engineering, Inc/Documents/Personal/Pictures/Processing/Z001/Takeout/Google Photos/Photos from 2018/IMG_2856(2).JPG.supplemental-metadata(2).json [NOT FOUND]
Row 3109, media_path: /mnt/c/Users/vagrawal/OneDrive - Altair Engineering, Inc/Documents/Personal/Pictures/Processing/Z001/Takeout/Google Photos/Photos from 2019/GOPR8885.THM [NOT FOUND]
Row 3109, corrected_path: /mnt/c/Users/vagrawal/OneDrive - Altair Engineering, Inc/Documents/Personal/Pictures/Processing/Z001/Takeout/Google Photos/Photos from 2019/GOPR8885.THM [NOT FOUND]
Row 3125, media_path: /mnt/c/Users/vagrawal/OneDrive - Altair Engineering, Inc/Documents/Personal/Pictures/Processing/Z001/Takeout/Google Photos/Photos from 2019/GOPR8963.THM [NOT FOUND]
Row 3125, corrected_path: /mnt/c/Users/vagrawal/OneDrive - Altair Engineering, Inc/Documents/Personal/Pictures/Processing/Z001/Takeout/Google Photos/Photos from 2019/GOPR8963.THM [NOT FOUND]
Row 3136, media_path: /mnt/c/Users/vagrawal/OneDrive - Altair Engineering, Inc/Documents/Personal/Pictures/Processing/Z001/Takeout/Google Photos/Photos from 2019/GOPR8973.THM [NOT FOUND]
Row 3136, corrected_path: /mnt/c/Users/vagrawal/OneDrive - Altair Engineering, Inc/Documents/Personal/Pictures/Processing/Z001/Takeout/Google Photos/Photos from 2019/GOPR8973.THM [NOT FOUND]
Row 3138, json_path: /mnt/c/Users/vagrawal/OneDrive - Altair Engineering, Inc/Documents/Personal/Pictures/Processing/Z001/Takeout/Google Photos/Photos from 2019/IMG_4442_heic_conv.jpg.supplemental-metadata.json [NOT FOUND]
Row 3139, json_path: /mnt/c/Users/vagrawal/OneDrive - Altair Engineering, Inc/Documents/Personal/Pictures/Processing/Z001/Takeout/Google Photos/Photos from 2019/IMG_4443_heic_conv.jpg.supplemental-metadata.json [NOT FOUND]
Row 3140, json_path: /mnt/c/Users/vagrawal/OneDrive - Altair Engineering, Inc/Documents/Personal/Pictures/Processing/Z001/Takeout/Google Photos/Photos from 2019/IMG_4449_heic_conv.jpg.supplemental-metadata.json [NOT FOUND]
Row 3148, json_path: /mnt/c/Users/vagrawal/OneDrive - Altair Engineering, Inc/Documents/Personal/Pictures/Processing/Z001/Takeout/Google Photos/Photos from 2019/IMG_4463_heic_conv.jpg.supplemental-metadata.json [NOT FOUND]
Row 3149, json_path: /mnt/c/Users/vagrawal/OneDrive - Altair Engineering, Inc/Documents/Personal/Pictures/Processing/Z001/Takeout/Google Photos/Photos from 2019/IMG_4471_heic_conv.jpg.supplemental-metadata.json [NOT FOUND]
Row 3150, json_path: /mnt/c/Users/vagrawal/OneDrive - Altair Engineering, Inc/Documents/Personal/Pictures/Processing/Z001/Takeout/Google Photos/Photos from 2019/IMG_4472_heic_conv.jpg.supplemental-metadata.json [NOT FOUND]
Row 3151, json_path: /mnt/c/Users/vagrawal/OneDrive - Altair Engineering, Inc/Documents/Personal/Pictures/Processing/Z001/Takeout/Google Photos/Photos from 2019/IMG_4473_heic_conv.jpg.supplemental-metadata.json [NOT FOUND]
Row 3152, json_path: /mnt/c/Users/vagrawal/OneDrive - Altair Engineering, Inc/Documents/Personal/Pictures/Processing/Z001/Takeout/Google Photos/Photos from 2019/IMG_4474_heic_conv.jpg.supplemental-metadata.json [NOT FOUND]
Row 3153, json_path: /mnt/c/Users/vagrawal/OneDrive - Altair Engineering, Inc/Documents/Personal/Pictures/Processing/Z001/Takeout/Google Photos/Photos from 2019/IMG_4475_heic_conv.jpg.supplemental-metadata.json [NOT FOUND]
Row 3154, json_path: /mnt/c/Users/vagrawal/OneDrive - Altair Engineering, Inc/Documents/Personal/Pictures/Processing/Z001/Takeout/Google Photos/Photos from 2019/IMG_4476_heic_conv.jpg.supplemental-metadata.json [NOT FOUND]
Row 3179, json_path: /mnt/c/Users/vagrawal/OneDrive - Altair Engineering, Inc/Documents/Personal/Pictures/Processing/Z001/Takeout/Google Photos/Photos from 2019/IMG_5721_png_conv.jpg.supplemental-metadata.json [NOT FOUND]
Row 3180, json_path: /mnt/c/Users/vagrawal/OneDrive - Altair Engineering, Inc/Documents/Personal/Pictures/Processing/Z001/Takeout/Google Photos/Photos from 2019/IMG_8261(1).JPG.supplemental-metadata(1).json [NOT FOUND]
Row 3189, json_path: /mnt/c/Users/vagrawal/OneDrive - Altair Engineering, Inc/Documents/Personal/Pictures/Processing/Z001/Takeout/Google Photos/Photos from 2019/IMG_8276(1).JPG.supplemental-metadata(1).json [NOT FOUND]
Row 3194, json_path: /mnt/c/Users/vagrawal/OneDrive - Altair Engineering, Inc/Documents/Personal/Pictures/Processing/Z001/Takeout/Google Photos/Photos from 2019/IMG_8285(1).MOV.supplemental-metadata(1).json [NOT FOUND]
Row 3417, json_path: /mnt/c/Users/vagrawal/OneDrive - Altair Engineering, Inc/Documents/Personal/Pictures/Processing/Z001/Takeout/Google Photos/Photos from 2020/4044a72a19d92aa5ad95164c41f2531f_png_conv.jpg.supplemen.json [NOT FOUND]
Row 3453, json_path: /mnt/c/Users/vagrawal/OneDrive - Altair Engineering, Inc/Documents/Personal/Pictures/Processing/Z001/Takeout/Google Photos/Photos from 2020/IMG_3224_heic_conv.jpg.supplemental-metadata.json [NOT FOUND]
Row 3456, json_path: /mnt/c/Users/vagrawal/OneDrive - Altair Engineering, Inc/Documents/Personal/Pictures/Processing/Z001/Takeout/Google Photos/Photos from 2020/IMG_3229_heic_conv.jpg.supplemental-metadata.json [NOT FOUND]
Row 3468, json_path: /mnt/c/Users/vagrawal/OneDrive - Altair Engineering, Inc/Documents/Personal/Pictures/Processing/Z001/Takeout/Google Photos/Photos from 2020/IMG_3246_heic_conv.jpg.supplemental-metadata.json [NOT FOUND]
Row 3476, json_path: /mnt/c/Users/vagrawal/OneDrive - Altair Engineering, Inc/Documents/Personal/Pictures/Processing/Z001/Takeout/Google Photos/Photos from 2020/IMG_3266_heic_conv.jpg.supplemental-metadata.json [NOT FOUND]
Row 3477, json_path: /mnt/c/Users/vagrawal/OneDrive - Altair Engineering, Inc/Documents/Personal/Pictures/Processing/Z001/Takeout/Google Photos/Photos from 2020/IMG_3267_heic_conv.jpg.supplemental-metadata.json [NOT FOUND]
Row 3478, json_path: /mnt/c/Users/vagrawal/OneDrive - Altair Engineering, Inc/Documents/Personal/Pictures/Processing/Z001/Takeout/Google Photos/Photos from 2020/IMG_3268_heic_conv.jpg.supplemental-metadata.json [NOT FOUND]
Row 3481, json_path: /mnt/c/Users/vagrawal/OneDrive - Altair Engineering, Inc/Documents/Personal/Pictures/Processing/Z001/Takeout/Google Photos/Photos from 2020/IMG_3271_heic_conv.jpg.supplemental-metadata.json [NOT FOUND]
Row 3484, json_path: /mnt/c/Users/vagrawal/OneDrive - Altair Engineering, Inc/Documents/Personal/Pictures/Processing/Z001/Takeout/Google Photos/Photos from 2020/IMG_3277_heic_conv.jpg.supplemental-metadata.json [NOT FOUND]
Row 3485, json_path: /mnt/c/Users/vagrawal/OneDrive - Altair Engineering, Inc/Documents/Personal/Pictures/Processing/Z001/Takeout/Google Photos/Photos from 2020/IMG_3278_heic_conv.jpg.supplemental-metadata.json [NOT FOUND]
Row 3486, json_path: /mnt/c/Users/vagrawal/OneDrive - Altair Engineering, Inc/Documents/Personal/Pictures/Processing/Z001/Takeout/Google Photos/Photos from 2020/IMG_3282(2)_heic_conv.jpg.supplemental-metadata(2).json [NOT FOUND]
Row 3487, json_path: /mnt/c/Users/vagrawal/OneDrive - Altair Engineering, Inc/Documents/Personal/Pictures/Processing/Z001/Takeout/Google Photos/Photos from 2020/IMG_3282_heic_conv.jpg.supplemental-metadata.json [NOT FOUND]
Row 3491, json_path: /mnt/c/Users/vagrawal/OneDrive - Altair Engineering, Inc/Documents/Personal/Pictures/Processing/Z001/Takeout/Google Photos/Photos from 2020/IMG_3291_png_conv.jpg.supplemental-metadata.json [NOT FOUND]
Row 3492, json_path: /mnt/c/Users/vagrawal/OneDrive - Altair Engineering, Inc/Documents/Personal/Pictures/Processing/Z001/Takeout/Google Photos/Photos from 2020/IMG_3292_heic_conv.jpg.supplemental-metadata.json [NOT FOUND]
Row 3500, json_path: /mnt/c/Users/vagrawal/OneDrive - Altair Engineering, Inc/Documents/Personal/Pictures/Processing/Z001/Takeout/Google Photos/Photos from 2020/IMG_3309_png_conv.jpg.supplemental-metadata.json [NOT FOUND]
Row 3501, json_path: /mnt/c/Users/vagrawal/OneDrive - Altair Engineering, Inc/Documents/Personal/Pictures/Processing/Z001/Takeout/Google Photos/Photos from 2020/IMG_3310(2)_heic_conv.jpg.supplemental-metadata(2).json [NOT FOUND]
Row 3502, json_path: /mnt/c/Users/vagrawal/OneDrive - Altair Engineering, Inc/Documents/Personal/Pictures/Processing/Z001/Takeout/Google Photos/Photos from 2020/IMG_3310_heic_conv.jpg.supplemental-metadata.json [NOT FOUND]
Row 3503, json_path: /mnt/c/Users/vagrawal/OneDrive - Altair Engineering, Inc/Documents/Personal/Pictures/Processing/Z001/Takeout/Google Photos/Photos from 2020/IMG_3311_heic_conv.jpg.supplemental-metadata.json [NOT FOUND]
Row 3504, json_path: /mnt/c/Users/vagrawal/OneDrive - Altair Engineering, Inc/Documents/Personal/Pictures/Processing/Z001/Takeout/Google Photos/Photos from 2020/IMG_3312(2)_heic_conv.jpg.supplemental-metadata(2).json [NOT FOUND]
Row 3505, json_path: /mnt/c/Users/vagrawal/OneDrive - Altair Engineering, Inc/Documents/Personal/Pictures/Processing/Z001/Takeout/Google Photos/Photos from 2020/IMG_3312_heic_conv.jpg.supplemental-metadata.json [NOT FOUND]
Row 3506, json_path: /mnt/c/Users/vagrawal/OneDrive - Altair Engineering, Inc/Documents/Personal/Pictures/Processing/Z001/Takeout/Google Photos/Photos from 2020/IMG_3313_heic_conv.jpg.supplemental-metadata.json [NOT FOUND]
Row 3507, json_path: /mnt/c/Users/vagrawal/OneDrive - Altair Engineering, Inc/Documents/Personal/Pictures/Processing/Z001/Takeout/Google Photos/Photos from 2020/IMG_3314_heic_conv.jpg.supplemental-metadata.json [NOT FOUND]
Row 3510, json_path: /mnt/c/Users/vagrawal/OneDrive - Altair Engineering, Inc/Documents/Personal/Pictures/Processing/Z001/Takeout/Google Photos/Photos from 2020/IMG_3317_heic_conv.jpg.supplemental-metadata.json [NOT FOUND]
Row 3513, json_path: /mnt/c/Users/vagrawal/OneDrive - Altair Engineering, Inc/Documents/Personal/Pictures/Processing/Z001/Takeout/Google Photos/Photos from 2020/IMG_3334_heic_conv.jpg.supplemental-metadata.json [NOT FOUND]
Row 3519, json_path: /mnt/c/Users/vagrawal/OneDrive - Altair Engineering, Inc/Documents/Personal/Pictures/Processing/Z001/Takeout/Google Photos/Photos from 2020/IMG_3353_heic_conv.jpg.supplemental-metadata.json [NOT FOUND]
Row 3524, json_path: /mnt/c/Users/vagrawal/OneDrive - Altair Engineering, Inc/Documents/Personal/Pictures/Processing/Z001/Takeout/Google Photos/Photos from 2020/IMG_3358_heic_conv.jpg.supplemental-metadata.json [NOT FOUND]
Row 3525, json_path: /mnt/c/Users/vagrawal/OneDrive - Altair Engineering, Inc/Documents/Personal/Pictures/Processing/Z001/Takeout/Google Photos/Photos from 2020/IMG_3359(2)_heic_conv.jpg.supplemental-metadata(2).json [NOT FOUND]
Row 3526, json_path: /mnt/c/Users/vagrawal/OneDrive - Altair Engineering, Inc/Documents/Personal/Pictures/Processing/Z001/Takeout/Google Photos/Photos from 2020/IMG_3359_heic_conv.jpg.supplemental-metadata.json [NOT FOUND]
Row 3527, json_path: /mnt/c/Users/vagrawal/OneDrive - Altair Engineering, Inc/Documents/Personal/Pictures/Processing/Z001/Takeout/Google Photos/Photos from 2020/IMG_3360_heic_conv.jpg.supplemental-metadata.json [NOT FOUND]
Row 3528, json_path: /mnt/c/Users/vagrawal/OneDrive - Altair Engineering, Inc/Documents/Personal/Pictures/Processing/Z001/Takeout/Google Photos/Photos from 2020/IMG_3365_heic_conv.jpg.supplemental-metadata.json [NOT FOUND]
Row 3535, json_path: /mnt/c/Users/vagrawal/OneDrive - Altair Engineering, Inc/Documents/Personal/Pictures/Processing/Z001/Takeout/Google Photos/Photos from 2020/IMG_3381_png_conv.jpg.supplemental-metadata.json [NOT FOUND]
Row 3536, json_path: /mnt/c/Users/vagrawal/OneDrive - Altair Engineering, Inc/Documents/Personal/Pictures/Processing/Z001/Takeout/Google Photos/Photos from 2020/IMG_3385_png_conv.jpg.supplemental-metadata.json [NOT FOUND]
Row 3560, json_path: /mnt/c/Users/vagrawal/OneDrive - Altair Engineering, Inc/Documents/Personal/Pictures/Processing/Z001/Takeout/Google Photos/Photos from 2020/IMG_3419_png_conv.jpg.supplemental-metadata.json [NOT FOUND]
Row 3561, json_path: /mnt/c/Users/vagrawal/OneDrive - Altair Engineering, Inc/Documents/Personal/Pictures/Processing/Z001/Takeout/Google Photos/Photos from 2020/IMG_3420_png_conv.jpg.supplemental-metadata.json [NOT FOUND]
Row 3562, json_path: /mnt/c/Users/vagrawal/OneDrive - Altair Engineering, Inc/Documents/Personal/Pictures/Processing/Z001/Takeout/Google Photos/Photos from 2020/IMG_3424(1).JPG.supplemental-metadata(1).json [NOT FOUND]
Row 3598, json_path: /mnt/c/Users/vagrawal/OneDrive - Altair Engineering, Inc/Documents/Personal/Pictures/Processing/Z001/Takeout/Google Photos/Photos from 2020/IMG_3478_png_conv.jpg.supplemental-metadata.json [NOT FOUND]
Row 3691, json_path: /mnt/c/Users/vagrawal/OneDrive - Altair Engineering, Inc/Documents/Personal/Pictures/Processing/Z001/Takeout/Google Photos/Photos from 2021/IMG_1721_png_conv.jpg.supplemental-metadata.json [NOT FOUND]
Row 3692, json_path: /mnt/c/Users/vagrawal/OneDrive - Altair Engineering, Inc/Documents/Personal/Pictures/Processing/Z001/Takeout/Google Photos/Photos from 2021/IMG_1722_png_conv.jpg.supplemental-metadata.json [NOT FOUND]
Row 3694, json_path: /mnt/c/Users/vagrawal/OneDrive - Altair Engineering, Inc/Documents/Personal/Pictures/Processing/Z001/Takeout/Google Photos/Photos from 2021/IMG_1725_png_conv.jpg.supplemental-metadata.json [NOT FOUND]
Row 3702, json_path: /mnt/c/Users/vagrawal/OneDrive - Altair Engineering, Inc/Documents/Personal/Pictures/Processing/Z001/Takeout/Google Photos/Photos from 2021/IMG_1737(1).JPG.supplemental-metadata(1).json [NOT FOUND]
Row 3707, json_path: /mnt/c/Users/vagrawal/OneDrive - Altair Engineering, Inc/Documents/Personal/Pictures/Processing/Z001/Takeout/Google Photos/Photos from 2021/IMG_1741_png_conv.jpg.supplemental-metadata.json [NOT FOUND]
Row 3713, json_path: /mnt/c/Users/vagrawal/OneDrive - Altair Engineering, Inc/Documents/Personal/Pictures/Processing/Z001/Takeout/Google Photos/Photos from 2021/IMG_1748_png_conv.jpg.supplemental-metadata.json [NOT FOUND]
Row 3721, json_path: /mnt/c/Users/vagrawal/OneDrive - Altair Engineering, Inc/Documents/Personal/Pictures/Processing/Z001/Takeout/Google Photos/Photos from 2021/IMG_1758_png_conv.jpg.supplemental-metadata.json [NOT FOUND]
Row 3741, json_path: /mnt/c/Users/vagrawal/OneDrive - Altair Engineering, Inc/Documents/Personal/Pictures/Processing/Z001/Takeout/Google Photos/Photos from 2021/IMG_1795_png_conv.jpg.supplemental-metadata.json [NOT FOUND]
Row 3742, json_path: /mnt/c/Users/vagrawal/OneDrive - Altair Engineering, Inc/Documents/Personal/Pictures/Processing/Z001/Takeout/Google Photos/Photos from 2021/IMG_1796_png_conv.jpg.supplemental-metadata.json [NOT FOUND]
Row 3748, json_path: /mnt/c/Users/vagrawal/OneDrive - Altair Engineering, Inc/Documents/Personal/Pictures/Processing/Z001/Takeout/Google Photos/Photos from 2021/IMG_1803(1).JPG.supplemental-metadata(1).json [NOT FOUND]
Row 3754, json_path: /mnt/c/Users/vagrawal/OneDrive - Altair Engineering, Inc/Documents/Personal/Pictures/Processing/Z001/Takeout/Google Photos/Photos from 2021/IMG_1823_png_conv.jpg.supplemental-metadata.json [NOT FOUND]
Row 3757, json_path: /mnt/c/Users/vagrawal/OneDrive - Altair Engineering, Inc/Documents/Personal/Pictures/Processing/Z001/Takeout/Google Photos/Photos from 2021/IMG_1828_png_conv.jpg.supplemental-metadata.json [NOT FOUND]
Row 3768, json_path: /mnt/c/Users/vagrawal/OneDrive - Altair Engineering, Inc/Documents/Personal/Pictures/Processing/Z001/Takeout/Google Photos/Photos from 2021/IMG_1871_png_conv.jpg.supplemental-metadata.json [NOT FOUND]
Row 3769, json_path: /mnt/c/Users/vagrawal/OneDrive - Altair Engineering, Inc/Documents/Personal/Pictures/Processing/Z001/Takeout/Google Photos/Photos from 2021/IMG_1872_png_conv.jpg.supplemental-metadata.json [NOT FOUND]
Row 3770, json_path: /mnt/c/Users/vagrawal/OneDrive - Altair Engineering, Inc/Documents/Personal/Pictures/Processing/Z001/Takeout/Google Photos/Photos from 2021/IMG_1875_png_conv.jpg.supplemental-metadata.json [NOT FOUND]
Row 3776, json_path: /mnt/c/Users/vagrawal/OneDrive - Altair Engineering, Inc/Documents/Personal/Pictures/Processing/Z001/Takeout/Google Photos/Photos from 2021/IMG_1884_png_conv.jpg.supplemental-metadata.json [NOT FOUND]
Row 3786, json_path: /mnt/c/Users/vagrawal/OneDrive - Altair Engineering, Inc/Documents/Personal/Pictures/Processing/Z001/Takeout/Google Photos/Photos from 2021/IMG_1899_png_conv.jpg.supplemental-metadata.json [NOT FOUND]
Row 3787, json_path: /mnt/c/Users/vagrawal/OneDrive - Altair Engineering, Inc/Documents/Personal/Pictures/Processing/Z001/Takeout/Google Photos/Photos from 2021/IMG_1900_png_conv.jpg.supplemental-metadata.json [NOT FOUND]
Row 3792, json_path: /mnt/c/Users/vagrawal/OneDrive - Altair Engineering, Inc/Documents/Personal/Pictures/Processing/Z001/Takeout/Google Photos/Photos from 2021/IMG_1917_png_conv.jpg.supplemental-metadata.json [NOT FOUND]
Row 3793, json_path: /mnt/c/Users/vagrawal/OneDrive - Altair Engineering, Inc/Documents/Personal/Pictures/Processing/Z001/Takeout/Google Photos/Photos from 2021/IMG_1918_png_conv.jpg.supplemental-metadata.json [NOT FOUND]
Row 3794, json_path: /mnt/c/Users/vagrawal/OneDrive - Altair Engineering, Inc/Documents/Personal/Pictures/Processing/Z001/Takeout/Google Photos/Photos from 2021/IMG_1919_png_conv.jpg.supplemental-metadata.json [NOT FOUND]
Row 3795, json_path: /mnt/c/Users/vagrawal/OneDrive - Altair Engineering, Inc/Documents/Personal/Pictures/Processing/Z001/Takeout/Google Photos/Photos from 2021/IMG_1920_png_conv.jpg.supplemental-metadata.json [NOT FOUND]
Row 3796, json_path: /mnt/c/Users/vagrawal/OneDrive - Altair Engineering, Inc/Documents/Personal/Pictures/Processing/Z001/Takeout/Google Photos/Photos from 2021/IMG_1921_png_conv.jpg.supplemental-metadata.json [NOT FOUND]
Row 3797, json_path: /mnt/c/Users/vagrawal/OneDrive - Altair Engineering, Inc/Documents/Personal/Pictures/Processing/Z001/Takeout/Google Photos/Photos from 2021/IMG_1922_png_conv.jpg.supplemental-metadata.json [NOT FOUND]
Row 3803, json_path: /mnt/c/Users/vagrawal/OneDrive - Altair Engineering, Inc/Documents/Personal/Pictures/Processing/Z001/Takeout/Google Photos/Photos from 2021/IMG_1935_png_conv.jpg.supplemental-metadata.json [NOT FOUND]
Row 3817, json_path: /mnt/c/Users/vagrawal/OneDrive - Altair Engineering, Inc/Documents/Personal/Pictures/Processing/Z001/Takeout/Google Photos/Photos from 2021/IMG_1955_png_conv.jpg.supplemental-metadata.json [NOT FOUND]
Row 3828, json_path: /mnt/c/Users/vagrawal/OneDrive - Altair Engineering, Inc/Documents/Personal/Pictures/Processing/Z001/Takeout/Google Photos/Photos from 2021/IMG_1966_png_conv.jpg.supplemental-metadata.json [NOT FOUND]
Row 3844, json_path: /mnt/c/Users/vagrawal/OneDrive - Altair Engineering, Inc/Documents/Personal/Pictures/Processing/Z001/Takeout/Google Photos/Photos from 2021/IMG_1988(1).JPG.supplemental-metadata(1).json [NOT FOUND]
Row 3860, json_path: /mnt/c/Users/vagrawal/OneDrive - Altair Engineering, Inc/Documents/Personal/Pictures/Processing/Z001/Takeout/Google Photos/Photos from 2021/IMG_2007_png_conv.jpg.supplemental-metadata.json [NOT FOUND]
Row 3864, json_path: /mnt/c/Users/vagrawal/OneDrive - Altair Engineering, Inc/Documents/Personal/Pictures/Processing/Z001/Takeout/Google Photos/Photos from 2021/IMG_2016(1).JPG.supplemental-metadata(1).json [NOT FOUND]
Row 3873, json_path: /mnt/c/Users/vagrawal/OneDrive - Altair Engineering, Inc/Documents/Personal/Pictures/Processing/Z001/Takeout/Google Photos/Photos from 2021/IMG_2031(1).JPG.supplemental-metadata(1).json [NOT FOUND]
Row 3875, json_path: /mnt/c/Users/vagrawal/OneDrive - Altair Engineering, Inc/Documents/Personal/Pictures/Processing/Z001/Takeout/Google Photos/Photos from 2021/IMG_2032_png_conv.jpg.supplemental-metadata.json [NOT FOUND]
Row 3880, json_path: /mnt/c/Users/vagrawal/OneDrive - Altair Engineering, Inc/Documents/Personal/Pictures/Processing/Z001/Takeout/Google Photos/Photos from 2021/IMG_2037_png_conv.jpg.supplemental-metadata.json [NOT FOUND]
Row 3883, json_path: /mnt/c/Users/vagrawal/OneDrive - Altair Engineering, Inc/Documents/Personal/Pictures/Processing/Z001/Takeout/Google Photos/Photos from 2021/IMG_2041_png_conv.jpg.supplemental-metadata.json [NOT FOUND]
Row 3884, json_path: /mnt/c/Users/vagrawal/OneDrive - Altair Engineering, Inc/Documents/Personal/Pictures/Processing/Z001/Takeout/Google Photos/Photos from 2021/IMG_2042_png_conv.jpg.supplemental-metadata.json [NOT FOUND]
Row 3885, json_path: /mnt/c/Users/vagrawal/OneDrive - Altair Engineering, Inc/Documents/Personal/Pictures/Processing/Z001/Takeout/Google Photos/Photos from 2021/IMG_2043_png_conv.jpg.supplemental-metadata.json [NOT FOUND]
Row 3887, json_path: /mnt/c/Users/vagrawal/OneDrive - Altair Engineering, Inc/Documents/Personal/Pictures/Processing/Z001/Takeout/Google Photos/Photos from 2021/IMG_2045_png_conv.jpg.supplemental-metadata.json [NOT FOUND]
Row 3890, json_path: /mnt/c/Users/vagrawal/OneDrive - Altair Engineering, Inc/Documents/Personal/Pictures/Processing/Z001/Takeout/Google Photos/Photos from 2021/IMG_2052_png_conv.jpg.supplemental-metadata.json [NOT FOUND]
Row 3891, json_path: /mnt/c/Users/vagrawal/OneDrive - Altair Engineering, Inc/Documents/Personal/Pictures/Processing/Z001/Takeout/Google Photos/Photos from 2021/IMG_2053_png_conv.jpg.supplemental-metadata.json [NOT FOUND]
Row 3892, json_path: /mnt/c/Users/vagrawal/OneDrive - Altair Engineering, Inc/Documents/Personal/Pictures/Processing/Z001/Takeout/Google Photos/Photos from 2021/IMG_2054_png_conv.jpg.supplemental-metadata.json [NOT FOUND]
Row 3893, json_path: /mnt/c/Users/vagrawal/OneDrive - Altair Engineering, Inc/Documents/Personal/Pictures/Processing/Z001/Takeout/Google Photos/Photos from 2021/IMG_2055_png_conv.jpg.supplemental-metadata.json [NOT FOUND]
Row 3896, json_path: /mnt/c/Users/vagrawal/OneDrive - Altair Engineering, Inc/Documents/Personal/Pictures/Processing/Z001/Takeout/Google Photos/Photos from 2021/IMG_2061_png_conv.jpg.supplemental-metadata.json [NOT FOUND]
Row 3898, json_path: /mnt/c/Users/vagrawal/OneDrive - Altair Engineering, Inc/Documents/Personal/Pictures/Processing/Z001/Takeout/Google Photos/Photos from 2021/IMG_2064_png_conv.jpg.supplemental-metadata.json [NOT FOUND]
Row 3909, json_path: /mnt/c/Users/vagrawal/OneDrive - Altair Engineering, Inc/Documents/Personal/Pictures/Processing/Z001/Takeout/Google Photos/Photos from 2021/IMG_2079_png_conv.jpg.supplemental-metadata.json [NOT FOUND]
Row 3910, json_path: /mnt/c/Users/vagrawal/OneDrive - Altair Engineering, Inc/Documents/Personal/Pictures/Processing/Z001/Takeout/Google Photos/Photos from 2021/IMG_2080_png_conv.jpg.supplemental-metadata.json [NOT FOUND]
Row 3912, json_path: /mnt/c/Users/vagrawal/OneDrive - Altair Engineering, Inc/Documents/Personal/Pictures/Processing/Z001/Takeout/Google Photos/Photos from 2021/IMG_2084(1).JPG.supplemental-metadata(1).json [NOT FOUND]
Row 3927, json_path: /mnt/c/Users/vagrawal/OneDrive - Altair Engineering, Inc/Documents/Personal/Pictures/Processing/Z001/Takeout/Google Photos/Photos from 2021/IMG_2115_png_conv.jpg.supplemental-metadata.json [NOT FOUND]
Row 3929, json_path: /mnt/c/Users/vagrawal/OneDrive - Altair Engineering, Inc/Documents/Personal/Pictures/Processing/Z001/Takeout/Google Photos/Photos from 2021/IMG_2118_png_conv.jpg.supplemental-metadata.json [NOT FOUND]
Row 3939, json_path: /mnt/c/Users/vagrawal/OneDrive - Altair Engineering, Inc/Documents/Personal/Pictures/Processing/Z001/Takeout/Google Photos/Photos from 2021/IMG_5845_heic_conv.jpg.supplemental-metadata.json [NOT FOUND]
Row 3940, json_path: /mnt/c/Users/vagrawal/OneDrive - Altair Engineering, Inc/Documents/Personal/Pictures/Processing/Z001/Takeout/Google Photos/Photos from 2021/IMG_5846_heic_conv.jpg.supplemental-metadata.json [NOT FOUND]
Row 3941, json_path: /mnt/c/Users/vagrawal/OneDrive - Altair Engineering, Inc/Documents/Personal/Pictures/Processing/Z001/Takeout/Google Photos/Photos from 2021/IMG_5847_heic_conv.jpg.supplemental-metadata.json [NOT FOUND]
Row 3942, json_path: /mnt/c/Users/vagrawal/OneDrive - Altair Engineering, Inc/Documents/Personal/Pictures/Processing/Z001/Takeout/Google Photos/Photos from 2021/IMG_5848_heic_conv.jpg.supplemental-metadata.json [NOT FOUND]
Row 3943, json_path: /mnt/c/Users/vagrawal/OneDrive - Altair Engineering, Inc/Documents/Personal/Pictures/Processing/Z001/Takeout/Google Photos/Photos from 2021/IMG_5849_heic_conv.jpg.supplemental-metadata.json [NOT FOUND]
Row 3944, json_path: /mnt/c/Users/vagrawal/OneDrive - Altair Engineering, Inc/Documents/Personal/Pictures/Processing/Z001/Takeout/Google Photos/Photos from 2021/IMG_5871_heic_conv.jpg.supplemental-metadata.json [NOT FOUND]
Row 3945, json_path: /mnt/c/Users/vagrawal/OneDrive - Altair Engineering, Inc/Documents/Personal/Pictures/Processing/Z001/Takeout/Google Photos/Photos from 2021/IMG_5874_heic_conv.jpg.supplemental-metadata.json [NOT FOUND]
Row 3946, json_path: /mnt/c/Users/vagrawal/OneDrive - Altair Engineering, Inc/Documents/Personal/Pictures/Processing/Z001/Takeout/Google Photos/Photos from 2021/IMG_5875_heic_conv.jpg.supplemental-metadata.json [NOT FOUND]
Row 3947, json_path: /mnt/c/Users/vagrawal/OneDrive - Altair Engineering, Inc/Documents/Personal/Pictures/Processing/Z001/Takeout/Google Photos/Photos from 2021/IMG_5876_heic_conv.jpg.supplemental-metadata.json [NOT FOUND]
Row 3948, json_path: /mnt/c/Users/vagrawal/OneDrive - Altair Engineering, Inc/Documents/Personal/Pictures/Processing/Z001/Takeout/Google Photos/Photos from 2021/IMG_5877_heic_conv.jpg.supplemental-metadata.json [NOT FOUND]
Row 3949, json_path: /mnt/c/Users/vagrawal/OneDrive - Altair Engineering, Inc/Documents/Personal/Pictures/Processing/Z001/Takeout/Google Photos/Photos from 2021/IMG_5878_heic_conv.jpg.supplemental-metadata.json [NOT FOUND]
Row 3951, json_path: /mnt/c/Users/vagrawal/OneDrive - Altair Engineering, Inc/Documents/Personal/Pictures/Processing/Z001/Takeout/Google Photos/Photos from 2021/IMG_5882_heic_conv.jpg.supplemental-metadata.json [NOT FOUND]
Row 3952, json_path: /mnt/c/Users/vagrawal/OneDrive - Altair Engineering, Inc/Documents/Personal/Pictures/Processing/Z001/Takeout/Google Photos/Photos from 2021/IMG_5883_heic_conv.jpg.supplemental-metadata.json [NOT FOUND]
Row 3953, json_path: /mnt/c/Users/vagrawal/OneDrive - Altair Engineering, Inc/Documents/Personal/Pictures/Processing/Z001/Takeout/Google Photos/Photos from 2021/IMG_5884_heic_conv.jpg.supplemental-metadata.json [NOT FOUND]
Row 3954, json_path: /mnt/c/Users/vagrawal/OneDrive - Altair Engineering, Inc/Documents/Personal/Pictures/Processing/Z001/Takeout/Google Photos/Photos from 2021/IMG_5886_heic_conv.jpg.supplemental-metadata.json [NOT FOUND]
Row 3955, json_path: /mnt/c/Users/vagrawal/OneDrive - Altair Engineering, Inc/Documents/Personal/Pictures/Processing/Z001/Takeout/Google Photos/Photos from 2021/IMG_5887_heic_conv.jpg.supplemental-metadata.json [NOT FOUND]
Row 3956, media_path: /mnt/c/Users/vagrawal/OneDrive - Altair Engineering, Inc/Documents/Personal/Pictures/Processing/Z001/Takeout/Google Photos/Photos from 2021/IMG_9789.jpeg [NOT FOUND]
Row 3956, corrected_path: /mnt/c/Users/vagrawal/OneDrive - Altair Engineering, Inc/Documents/Personal/Pictures/Processing/Z001/Takeout/Google Photos/Photos from 2021/IMG_9789.jpeg [NOT FOUND]
Row 3957, json_path: /mnt/c/Users/vagrawal/OneDrive - Altair Engineering, Inc/Documents/Personal/Pictures/Processing/Z001/Takeout/Google Photos/Photos from 2021/IMG_9799(2)_heic_conv.jpg.supplemental-metadata(2).json [NOT FOUND]
Row 3958, json_path: /mnt/c/Users/vagrawal/OneDrive - Altair Engineering, Inc/Documents/Personal/Pictures/Processing/Z001/Takeout/Google Photos/Photos from 2021/IMG_9799_heic_conv.jpg.supplemental-metadata.json [NOT FOUND]
Row 3959, json_path: /mnt/c/Users/vagrawal/OneDrive - Altair Engineering, Inc/Documents/Personal/Pictures/Processing/Z001/Takeout/Google Photos/Photos from 2021/IMG_9800_heic_conv.jpg.supplemental-metadata.json [NOT FOUND]
Row 4087, json_path: /mnt/c/Users/vagrawal/OneDrive - Altair Engineering, Inc/Documents/Personal/Pictures/Processing/Z001/Takeout/Google Photos/Photos from 2022/IMG_0499_dng_conv.jpg.supplemental-metadata.json [NOT FOUND]
Row 4384, media_path: /mnt/c/Users/vagrawal/OneDrive - Altair Engineering, Inc/Documents/Personal/Pictures/Processing/Z001/Takeout/Google Photos/Photos from 2022/IMG_8446.jpeg [NOT FOUND]
Row 4384, corrected_path: /mnt/c/Users/vagrawal/OneDrive - Altair Engineering, Inc/Documents/Personal/Pictures/Processing/Z001/Takeout/Google Photos/Photos from 2022/IMG_8446.jpeg [NOT FOUND]
Row 4538, media_path: /mnt/c/Users/vagrawal/OneDrive - Altair Engineering, Inc/Documents/Personal/Pictures/Processing/Z001/Takeout/Google Photos/Photos from 2023/IMG_0370.jpeg [NOT FOUND]
Row 4538, corrected_path: /mnt/c/Users/vagrawal/OneDrive - Altair Engineering, Inc/Documents/Personal/Pictures/Processing/Z001/Takeout/Google Photos/Photos from 2023/IMG_0370.jpeg [NOT FOUND]
Row 4541, media_path: /mnt/c/Users/vagrawal/OneDrive - Altair Engineering, Inc/Documents/Personal/Pictures/Processing/Z001/Takeout/Google Photos/Photos from 2023/IMG_2757.jpeg [NOT FOUND]
Row 4541, corrected_path: /mnt/c/Users/vagrawal/OneDrive - Altair Engineering, Inc/Documents/Personal/Pictures/Processing/Z001/Takeout/Google Photos/Photos from 2023/IMG_2757.jpeg [NOT FOUND]
Row 4542, media_path: /mnt/c/Users/vagrawal/OneDrive - Altair Engineering, Inc/Documents/Personal/Pictures/Processing/Z001/Takeout/Google Photos/Photos from 2023/IMG_2758.jpeg [NOT FOUND]
Row 4542, corrected_path: /mnt/c/Users/vagrawal/OneDrive - Altair Engineering, Inc/Documents/Personal/Pictures/Processing/Z001/Takeout/Google Photos/Photos from 2023/IMG_2758.jpeg [NOT FOUND]
Row 4543, media_path: /mnt/c/Users/vagrawal/OneDrive - Altair Engineering, Inc/Documents/Personal/Pictures/Processing/Z001/Takeout/Google Photos/Photos from 2023/IMG_2761.jpeg [NOT FOUND]
Row 4543, corrected_path: /mnt/c/Users/vagrawal/OneDrive - Altair Engineering, Inc/Documents/Personal/Pictures/Processing/Z001/Takeout/Google Photos/Photos from 2023/IMG_2761.jpeg [NOT FOUND]
Row 4544, media_path: /mnt/c/Users/vagrawal/OneDrive - Altair Engineering, Inc/Documents/Personal/Pictures/Processing/Z001/Takeout/Google Photos/Photos from 2023/IMG_2763.jpeg [NOT FOUND]
Row 4544, corrected_path: /mnt/c/Users/vagrawal/OneDrive - Altair Engineering, Inc/Documents/Personal/Pictures/Processing/Z001/Takeout/Google Photos/Photos from 2023/IMG_2763.jpeg [NOT FOUND]
Row 4546, media_path: /mnt/c/Users/vagrawal/OneDrive - Altair Engineering, Inc/Documents/Personal/Pictures/Processing/Z001/Takeout/Google Photos/Photos from 2023/IMG_4659.jpeg [NOT FOUND]
Row 4546, corrected_path: /mnt/c/Users/vagrawal/OneDrive - Altair Engineering, Inc/Documents/Personal/Pictures/Processing/Z001/Takeout/Google Photos/Photos from 2023/IMG_4659.jpeg [NOT FOUND]
Row 4547, media_path: /mnt/c/Users/vagrawal/OneDrive - Altair Engineering, Inc/Documents/Personal/Pictures/Processing/Z001/Takeout/Google Photos/Photos from 2023/IMG_4662.jpeg [NOT FOUND]
Row 4547, corrected_path: /mnt/c/Users/vagrawal/OneDrive - Altair Engineering, Inc/Documents/Personal/Pictures/Processing/Z001/Takeout/Google Photos/Photos from 2023/IMG_4662.jpeg [NOT FOUND]
Row 4548, media_path: /mnt/c/Users/vagrawal/OneDrive - Altair Engineering, Inc/Documents/Personal/Pictures/Processing/Z001/Takeout/Google Photos/Photos from 2023/IMG_4665.jpeg [NOT FOUND]
Row 4548, corrected_path: /mnt/c/Users/vagrawal/OneDrive - Altair Engineering, Inc/Documents/Personal/Pictures/Processing/Z001/Takeout/Google Photos/Photos from 2023/IMG_4665.jpeg [NOT FOUND]
Row 4618, json_path: /mnt/c/Users/vagrawal/OneDrive - Altair Engineering, Inc/Documents/Personal/Pictures/Processing/Z001/Takeout/Google Photos/Photos from 2023/IMG_7732_png_conv.jpg.supplemental-metadata.json [NOT FOUND]
Row 4651, json_path: /mnt/c/Users/vagrawal/OneDrive - Altair Engineering, Inc/Documents/Personal/Pictures/Processing/Z001/Takeout/Google Photos/Photos from 2023/IMG_7794_png_conv.jpg.supplemental-metadata.json [NOT FOUND]
Row 4660, json_path: /mnt/c/Users/vagrawal/OneDrive - Altair Engineering, Inc/Documents/Personal/Pictures/Processing/Z001/Takeout/Google Photos/Photos from 2023/IMG_7834_png_conv.jpg.supplemental-metadata.json [NOT FOUND]
Row 4679, json_path: /mnt/c/Users/vagrawal/OneDrive - Altair Engineering, Inc/Documents/Personal/Pictures/Processing/Z001/Takeout/Google Photos/Photos from 2023/IMG_7863_png_conv.jpg.supplemental-metadata.json [NOT FOUND]
Row 4680, json_path: /mnt/c/Users/vagrawal/OneDrive - Altair Engineering, Inc/Documents/Personal/Pictures/Processing/Z001/Takeout/Google Photos/Photos from 2023/IMG_7864_png_conv.jpg.supplemental-metadata.json [NOT FOUND]
Row 4683, json_path: /mnt/c/Users/vagrawal/OneDrive - Altair Engineering, Inc/Documents/Personal/Pictures/Processing/Z001/Takeout/Google Photos/Photos from 2023/IMG_7867_png_conv.jpg.supplemental-metadata.json [NOT FOUND]
Row 4754, json_path: /mnt/c/Users/vagrawal/OneDrive - Altair Engineering, Inc/Documents/Personal/Pictures/Processing/Z001/Takeout/Google Photos/Photos from 2023/IMG_7948_png_conv.jpg.supplemental-metadata.json [NOT FOUND]
Row 4757, json_path: /mnt/c/Users/vagrawal/OneDrive - Altair Engineering, Inc/Documents/Personal/Pictures/Processing/Z001/Takeout/Google Photos/Photos from 2023/IMG_7952_png_conv.jpg.supplemental-metadata.json [NOT FOUND]
Row 5108, json_path: /mnt/c/Users/vagrawal/OneDrive - Altair Engineering, Inc/Documents/Personal/Pictures/Processing/Z001/Takeout/Google Photos/Photos from 2023/lp_image(1)_heic_conv.jpg.supplemental-metadata(1).json [NOT FOUND]
Row 5109, json_path: /mnt/c/Users/vagrawal/OneDrive - Altair Engineering, Inc/Documents/Personal/Pictures/Processing/Z001/Takeout/Google Photos/Photos from 2023/lp_image(2)_heic_conv.jpg.supplemental-metadata(2).json [NOT FOUND]
Row 5112, media_path: /mnt/c/Users/vagrawal/OneDrive - Altair Engineering, Inc/Documents/Personal/Pictures/Processing/Z001/Takeout/Google Photos/Photos from 2023/RPReplay_Final1703625363.mp4 [NOT FOUND]
Row 5112, corrected_path: /mnt/c/Users/vagrawal/OneDrive - Altair Engineering, Inc/Documents/Personal/Pictures/Processing/Z001/Takeout/Google Photos/Photos from 2023/RPReplay_Final1703625363.mp4 [NOT FOUND]
Row 5292, media_path: /mnt/c/Users/vagrawal/OneDrive - Altair Engineering, Inc/Documents/Personal/Pictures/Processing/Z001/Takeout/Google Photos/Photos from 2024/IMG_279664FE-4338-4D45-993B-14EBF036F81C.jpeg [NOT FOUND]
Row 5292, corrected_path: /mnt/c/Users/vagrawal/OneDrive - Altair Engineering, Inc/Documents/Personal/Pictures/Processing/Z001/Takeout/Google Photos/Photos from 2024/IMG_279664FE-4338-4D45-993B-14EBF036F81C.jpeg [NOT FOUND]
Row 5293, media_path: /mnt/c/Users/vagrawal/OneDrive - Altair Engineering, Inc/Documents/Personal/Pictures/Processing/Z001/Takeout/Google Photos/Photos from 2024/IMG_50AFBC4A-B262-4BF8-84EA-937CAEE67A0E.jpeg [NOT FOUND]
Row 5293, corrected_path: /mnt/c/Users/vagrawal/OneDrive - Altair Engineering, Inc/Documents/Personal/Pictures/Processing/Z001/Takeout/Google Photos/Photos from 2024/IMG_50AFBC4A-B262-4BF8-84EA-937CAEE67A0E.jpeg [NOT FOUND]
Row 5404, json_path: /mnt/c/Users/vagrawal/OneDrive - Altair Engineering, Inc/Documents/Personal/Pictures/Processing/Z001/Takeout/Google Photos/Photos from 2024/IMG_5530_png_conv.jpg.supplemental-metadata.json [NOT FOUND]
Row 5437, json_path: /mnt/c/Users/vagrawal/OneDrive - Altair Engineering, Inc/Documents/Personal/Pictures/Processing/Z001/Takeout/Google Photos/Photos from 2024/IMG_5568_png_conv.jpg.supplemental-metadata.json [NOT FOUND]
Row 5441, json_path: /mnt/c/Users/vagrawal/OneDrive - Altair Engineering, Inc/Documents/Personal/Pictures/Processing/Z001/Takeout/Google Photos/Photos from 2024/IMG_5583_png_conv.jpg.supplemental-metadata.json [NOT FOUND]
